<?xml version="1.0" encoding="UTF-8"?>
<testsuite xmlns:xsi="http://www.w3.org/2001/XMLSchema-instance" xsi:noNamespaceSchemaLocation="https://maven.apache.org/surefire/maven-surefire-plugin/xsd/surefire-test-report.xsd" version="3.0.1" name="com.cedarsoftware.io.WriteOptionsTest" time="0.826" tests="131" errors="0" skipped="0" failures="5">
  <properties>
[...]
</properties>
  <testcase name="getAccessorsForClass_findsName_whenIncludedInNonStandardMappings" classname="com.cedarsoftware.io.WriteOptionsTest" time="0.002"/>
  <testcase name="testIsNonReferenceable_notInDefaults" classname="com.cedarsoftware.io.WriteOptionsTest" time="0.001"/>
  <testcase name="testClassLoader(ClassLoader)[1]" classname="com.cedarsoftware.io.WriteOptionsTest" time="0.004"/>
  <testcase name="testClassLoader(ClassLoader)[2]" classname="com.cedarsoftware.io.WriteOptionsTest" time="0.004"/>
  <testcase name="testIsNotCustomWrittenClass_default_returnsFalseWhenNotContained" classname="com.cedarsoftware.io.WriteOptionsTest" time="0.001"/>
  <testcase name="testForceMapOutputAsTwoArrays_defaultValue" classname="com.cedarsoftware.io.WriteOptionsTest" time="0.001"/>
  <testcase name="testAliasTypeNames_addedByMap" classname="com.cedarsoftware.io.WriteOptionsTest" time="0.001"/>
  <testcase name="testAddNonReferenceableClass_isFound" classname="com.cedarsoftware.io.WriteOptionsTest" time="0.001"/>
  <testcase name="tesSkipNullFields_default" classname="com.cedarsoftware.io.WriteOptionsTest" time="0.001"/>
  <testcase name="testCustomFormat_thatIncludesMilliseconds" classname="com.cedarsoftware.io.WriteOptionsTest" time="0.008"/>
  <testcase name="teatAliasTypeNames_whenAliasAlreadyExists_throwsException" classname="com.cedarsoftware.io.WriteOptionsTest" time="0.002"/>
  <testcase name="testIsLongFormat_whenIsoDateTimeFormat_returnsFalse" classname="com.cedarsoftware.io.WriteOptionsTest" time="0.002"/>
  <testcase name="getAccessorsForClass_findsAllNonStaticFieldAccessors" classname="com.cedarsoftware.io.WriteOptionsTest" time="0.003">
    <failure message="&#10;expected: &quot;test1&quot;&#10; but was: &quot;test3&quot;" type="org.opentest4j.AssertionFailedError"><![CDATA[org.opentest4j.AssertionFailedError: 

expected: "test1"
 but was: "test3"
	at com.cedarsoftware.io.WriteOptionsTest.getAccessorsForClass_findsAllNonStaticFieldAccessors(WriteOptionsTest.java:574)
	at java.base/java.lang.reflect.Method.invoke(Method.java:566)
	at java.base/java.util.ArrayList.forEach(ArrayList.java:1541)
	at java.base/java.util.ArrayList.forEach(ArrayList.java:1541)
]]></failure>
  </testcase>
  <testcase name="testWritingLongFormat" classname="com.cedarsoftware.io.WriteOptionsTest" time="0.005"/>
  <testcase name="testSetNotCustomWrittenClasses" classname="com.cedarsoftware.io.WriteOptionsTest" time="0.002"/>
  <testcase name="getAccessorsForClass_whenMethodDoesNotExists_doesNotThrowException" classname="com.cedarsoftware.io.WriteOptionsTest" time="0.002">
    <failure message="&#10;expected: &quot;getTotal&quot;&#10; but was: &quot;y&quot;" type="org.opentest4j.AssertionFailedError"><![CDATA[org.opentest4j.AssertionFailedError: 

expected: "getTotal"
 but was: "y"
	at com.cedarsoftware.io.WriteOptionsTest.getAccessorsForClass_whenMethodDoesNotExists_doesNotThrowException(WriteOptionsTest.java:548)
	at java.base/java.lang.reflect.Method.invoke(Method.java:566)
	at java.base/java.util.ArrayList.forEach(ArrayList.java:1541)
	at java.base/java.util.ArrayList.forEach(ArrayList.java:1541)
]]></failure>
  </testcase>
  <testcase name="testGetDeepAccessorMap_onEnumDefinitionClass_findsName" classname="com.cedarsoftware.io.WriteOptionsTest" time="0.002"/>
  <testcase name="testWritingIsoDateTimeFormat" classname="com.cedarsoftware.io.WriteOptionsTest" time="0.005"/>
  <testcase name="testCustomWrittenClasses_defaults(Class)[1]" classname="com.cedarsoftware.io.WriteOptionsTest" time="0.004"/>
  <testcase name="testCustomWrittenClasses_defaults(Class)[2]" classname="com.cedarsoftware.io.WriteOptionsTest" time="0.004"/>
  <testcase name="testCustomWrittenClasses_defaults(Class)[3]" classname="com.cedarsoftware.io.WriteOptionsTest" time="0.003"/>
  <testcase name="testCustomWrittenClasses_defaults(Class)[4]" classname="com.cedarsoftware.io.WriteOptionsTest" time="0.003"/>
  <testcase name="testCustomWrittenClasses_defaults(Class)[5]" classname="com.cedarsoftware.io.WriteOptionsTest" time="0.003"/>
  <testcase name="testCustomWrittenClasses_defaults(Class)[6]" classname="com.cedarsoftware.io.WriteOptionsTest" time="0.003"/>
  <testcase name="testCustomWrittenClasses_defaults(Class)[7]" classname="com.cedarsoftware.io.WriteOptionsTest" time="0.004"/>
  <testcase name="testCustomWrittenClasses_defaults(Class)[8]" classname="com.cedarsoftware.io.WriteOptionsTest" time="0.004"/>
  <testcase name="testCustomWrittenClasses_defaults(Class)[9]" classname="com.cedarsoftware.io.WriteOptionsTest" time="0.004"/>
  <testcase name="testCustomWrittenClasses_defaults(Class)[10]" classname="com.cedarsoftware.io.WriteOptionsTest" time="0.004"/>
  <testcase name="testCustomWrittenClasses_defaults(Class)[11]" classname="com.cedarsoftware.io.WriteOptionsTest" time="0.003"/>
  <testcase name="testCustomWrittenClasses_defaults(Class)[12]" classname="com.cedarsoftware.io.WriteOptionsTest" time="0.003"/>
  <testcase name="testCustomWrittenClasses_defaults(Class)[13]" classname="com.cedarsoftware.io.WriteOptionsTest" time="0.004"/>
  <testcase name="testCustomWrittenClasses_defaults(Class)[14]" classname="com.cedarsoftware.io.WriteOptionsTest" time="0.004"/>
  <testcase name="testCustomWrittenClasses_defaults(Class)[15]" classname="com.cedarsoftware.io.WriteOptionsTest" time="0.004"/>
  <testcase name="testCustomWrittenClasses_defaults(Class)[16]" classname="com.cedarsoftware.io.WriteOptionsTest" time="0.004"/>
  <testcase name="testCustomWrittenClasses_defaults(Class)[17]" classname="com.cedarsoftware.io.WriteOptionsTest" time="0.004"/>
  <testcase name="testCustomWrittenClasses_defaults(Class)[18]" classname="com.cedarsoftware.io.WriteOptionsTest" time="0.004"/>
  <testcase name="testCustomWrittenClasses_defaults(Class)[19]" classname="com.cedarsoftware.io.WriteOptionsTest" time="0.004"/>
  <testcase name="testCustomWrittenClasses_asAsMap" classname="com.cedarsoftware.io.WriteOptionsTest" time="0.002"/>
  <testcase name="testAliasTypeNames_addedByNameValue_whenAlreadyExists_throwsException" classname="com.cedarsoftware.io.WriteOptionsTest" time="0.002"/>
  <testcase name="testShowTypeInfoMinimal_defaultValue" classname="com.cedarsoftware.io.WriteOptionsTest" time="0.002"/>
  <testcase name="testAliasTypeNames_defaults(String, String)[1]" classname="com.cedarsoftware.io.WriteOptionsTest" time="0.004"/>
  <testcase name="testAliasTypeNames_defaults(String, String)[2]" classname="com.cedarsoftware.io.WriteOptionsTest" time="0.003"/>
  <testcase name="testAliasTypeNames_defaults(String, String)[3]" classname="com.cedarsoftware.io.WriteOptionsTest" time="0.004"/>
  <testcase name="testAliasTypeNames_defaults(String, String)[4]" classname="com.cedarsoftware.io.WriteOptionsTest" time="0.003"/>
  <testcase name="testAliasTypeNames_defaults(String, String)[5]" classname="com.cedarsoftware.io.WriteOptionsTest" time="0.004"/>
  <testcase name="testAliasTypeNames_defaults(String, String)[6]" classname="com.cedarsoftware.io.WriteOptionsTest" time="0.004"/>
  <testcase name="testAliasTypeNames_defaults(String, String)[7]" classname="com.cedarsoftware.io.WriteOptionsTest" time="0.004"/>
  <testcase name="testAliasTypeNames_defaults(String, String)[8]" classname="com.cedarsoftware.io.WriteOptionsTest" time="0.004"/>
  <testcase name="testAliasTypeNames_defaults(String, String)[9]" classname="com.cedarsoftware.io.WriteOptionsTest" time="0.004"/>
  <testcase name="testAliasTypeNames_defaults(String, String)[10]" classname="com.cedarsoftware.io.WriteOptionsTest" time="0.003"/>
  <testcase name="testAliasTypeNames_defaults(String, String)[11]" classname="com.cedarsoftware.io.WriteOptionsTest" time="0.003"/>
  <testcase name="testIsLongFormat_defaultIsTrue" classname="com.cedarsoftware.io.WriteOptionsTest" time="0.001"/>
  <testcase name="testCustomWrittenClasses_addedIndividually" classname="com.cedarsoftware.io.WriteOptionsTest" time="0.001"/>
  <testcase name="testIsLongFormat_whenIsoDateFormat_returnsFalse" classname="com.cedarsoftware.io.WriteOptionsTest" time="0.001"/>
  <testcase name="getAccessorsForClass_onEnum_fillsOutAccessorCorrectly" classname="com.cedarsoftware.io.WriteOptionsTest" time="0.001"/>
  <testcase name="getAccessorsForClass_onEnumDefinition_fillsOutAccessorCorrectly" classname="com.cedarsoftware.io.WriteOptionsTest" time="0.001"/>
  <testcase name="testAliasTypeNames_includingExtendedDefaults(String, String)[1]" classname="com.cedarsoftware.io.WriteOptionsTest" time="0.004"/>
  <testcase name="testAliasTypeNames_includingExtendedDefaults(String, String)[2]" classname="com.cedarsoftware.io.WriteOptionsTest" time="0.003"/>
  <testcase name="testAliasTypeNames_includingExtendedDefaults(String, String)[3]" classname="com.cedarsoftware.io.WriteOptionsTest" time="0.004"/>
  <testcase name="testAliasTypeNames_includingExtendedDefaults(String, String)[4]" classname="com.cedarsoftware.io.WriteOptionsTest" time="0.004"/>
  <testcase name="testAliasTypeNames_includingExtendedDefaults(String, String)[5]" classname="com.cedarsoftware.io.WriteOptionsTest" time="0.004"/>
  <testcase name="testAliasTypeNames_includingExtendedDefaults(String, String)[6]" classname="com.cedarsoftware.io.WriteOptionsTest" time="0.004"/>
  <testcase name="testAliasTypeNames_includingExtendedDefaults(String, String)[7]" classname="com.cedarsoftware.io.WriteOptionsTest" time="0.004"/>
  <testcase name="testAliasTypeNames_includingExtendedDefaults(String, String)[8]" classname="com.cedarsoftware.io.WriteOptionsTest" time="0.003"/>
  <testcase name="testAliasTypeNames_includingExtendedDefaults(String, String)[9]" classname="com.cedarsoftware.io.WriteOptionsTest" time="0.003"/>
  <testcase name="testAliasTypeNames_includingExtendedDefaults(String, String)[10]" classname="com.cedarsoftware.io.WriteOptionsTest" time="0.003"/>
  <testcase name="testAliasTypeNames_includingExtendedDefaults(String, String)[11]" classname="com.cedarsoftware.io.WriteOptionsTest" time="0.003"/>
  <testcase name="testAliasTypeNames_includingExtendedDefaults(String, String)[12]" classname="com.cedarsoftware.io.WriteOptionsTest" time="0.004"/>
  <testcase name="testAliasTypeNames_includingExtendedDefaults(String, String)[13]" classname="com.cedarsoftware.io.WriteOptionsTest" time="0.004"/>
  <testcase name="testAliasTypeNames_includingExtendedDefaults(String, String)[14]" classname="com.cedarsoftware.io.WriteOptionsTest" time="0.004"/>
  <testcase name="testAliasTypeNames_includingExtendedDefaults(String, String)[15]" classname="com.cedarsoftware.io.WriteOptionsTest" time="0.004"/>
  <testcase name="testAliasTypeNames_includingExtendedDefaults(String, String)[16]" classname="com.cedarsoftware.io.WriteOptionsTest" time="0.004"/>
  <testcase name="testAliasTypeNames_includingExtendedDefaults(String, String)[17]" classname="com.cedarsoftware.io.WriteOptionsTest" time="0.004"/>
  <testcase name="testAliasTypeNames_includingExtendedDefaults(String, String)[18]" classname="com.cedarsoftware.io.WriteOptionsTest" time="0.004"/>
  <testcase name="testAliasTypeNames_includingExtendedDefaults(String, String)[19]" classname="com.cedarsoftware.io.WriteOptionsTest" time="0.004"/>
  <testcase name="testAliasTypeNames_includingExtendedDefaults(String, String)[20]" classname="com.cedarsoftware.io.WriteOptionsTest" time="0.004"/>
  <testcase name="testAliasTypeNames_includingExtendedDefaults(String, String)[21]" classname="com.cedarsoftware.io.WriteOptionsTest" time="0.004"/>
  <testcase name="testAliasTypeNames_includingExtendedDefaults(String, String)[22]" classname="com.cedarsoftware.io.WriteOptionsTest" time="0.003"/>
  <testcase name="testClassLoader_default" classname="com.cedarsoftware.io.WriteOptionsTest" time="0.001"/>
  <testcase name="testForceMapOutputAsTwoArrays(boolean)[1]" classname="com.cedarsoftware.io.WriteOptionsTest" time="0.004"/>
  <testcase name="testForceMapOutputAsTwoArrays(boolean)[2]" classname="com.cedarsoftware.io.WriteOptionsTest" time="0.003"/>
  <testcase name="testAddNotCustomWrittenClass" classname="com.cedarsoftware.io.WriteOptionsTest" time="0.001"/>
  <testcase name="testIsNonReferenceable_defaults(Class)[1]" classname="com.cedarsoftware.io.WriteOptionsTest" time="0.003"/>
  <testcase name="testIsNonReferenceable_defaults(Class)[2]" classname="com.cedarsoftware.io.WriteOptionsTest" time="0.003"/>
  <testcase name="testIsNonReferenceable_defaults(Class)[3]" classname="com.cedarsoftware.io.WriteOptionsTest" time="0.003"/>
  <testcase name="testIsNonReferenceable_defaults(Class)[4]" classname="com.cedarsoftware.io.WriteOptionsTest" time="0.003"/>
  <testcase name="testIsNonReferenceable_defaults(Class)[5]" classname="com.cedarsoftware.io.WriteOptionsTest" time="0.004"/>
  <testcase name="testIsNonReferenceable_defaults(Class)[6]" classname="com.cedarsoftware.io.WriteOptionsTest" time="0.004"/>
  <testcase name="testIsNonReferenceable_defaults(Class)[7]" classname="com.cedarsoftware.io.WriteOptionsTest" time="0.004"/>
  <testcase name="testIsNonReferenceable_defaults(Class)[8]" classname="com.cedarsoftware.io.WriteOptionsTest" time="0.003"/>
  <testcase name="testIsNonReferenceable_defaults(Class)[9]" classname="com.cedarsoftware.io.WriteOptionsTest" time="0.003"/>
  <testcase name="testIsNonReferenceable_defaults(Class)[10]" classname="com.cedarsoftware.io.WriteOptionsTest" time="0.003"/>
  <testcase name="testIsNonReferenceable_defaults(Class)[11]" classname="com.cedarsoftware.io.WriteOptionsTest" time="0.003"/>
  <testcase name="testIsNonReferenceable_defaults(Class)[12]" classname="com.cedarsoftware.io.WriteOptionsTest" time="0.004"/>
  <testcase name="testIsNonReferenceable_defaults(Class)[13]" classname="com.cedarsoftware.io.WriteOptionsTest" time="0.009"/>
  <testcase name="testIsNonReferenceable_defaults(Class)[14]" classname="com.cedarsoftware.io.WriteOptionsTest" time="0.004"/>
  <testcase name="testIsNonReferenceable_defaults(Class)[15]" classname="com.cedarsoftware.io.WriteOptionsTest" time="0.004"/>
  <testcase name="testIsNonReferenceable_defaults(Class)[16]" classname="com.cedarsoftware.io.WriteOptionsTest" time="0.006"/>
  <testcase name="testIsNonReferenceable_defaults(Class)[17]" classname="com.cedarsoftware.io.WriteOptionsTest" time="0.003"/>
  <testcase name="testIsNonReferenceable_defaults(Class)[18]" classname="com.cedarsoftware.io.WriteOptionsTest" time="0.003"/>
  <testcase name="testIsNonReferenceable_defaults(Class)[19]" classname="com.cedarsoftware.io.WriteOptionsTest" time="0.003"/>
  <testcase name="testIsNonReferenceable_defaults(Class)[20]" classname="com.cedarsoftware.io.WriteOptionsTest" time="0.003"/>
  <testcase name="testIsNonReferenceable_defaults(Class)[21]" classname="com.cedarsoftware.io.WriteOptionsTest" time="0.003"/>
  <testcase name="testIsNonReferenceable_defaults(Class)[22]" classname="com.cedarsoftware.io.WriteOptionsTest" time="0.003"/>
  <testcase name="testIsNonReferenceable_defaults(Class)[23]" classname="com.cedarsoftware.io.WriteOptionsTest" time="0.003"/>
  <testcase name="testIsNonReferenceable_defaults(Class)[24]" classname="com.cedarsoftware.io.WriteOptionsTest" time="0.003"/>
  <testcase name="testIsNonReferenceable_defaults(Class)[25]" classname="com.cedarsoftware.io.WriteOptionsTest" time="0.003"/>
  <testcase name="testIsNonReferenceable_defaults(Class)[26]" classname="com.cedarsoftware.io.WriteOptionsTest" time="0.003"/>
  <testcase name="testIsNonReferenceable_defaults(Class)[27]" classname="com.cedarsoftware.io.WriteOptionsTest" time="0.004"/>
  <testcase name="testIsNonReferenceable_defaults(Class)[28]" classname="com.cedarsoftware.io.WriteOptionsTest" time="0.004"/>
  <testcase name="testIsNonReferenceable_defaults(Class)[29]" classname="com.cedarsoftware.io.WriteOptionsTest" time="0.003"/>
  <testcase name="testIsNonReferenceable_defaults(Class)[30]" classname="com.cedarsoftware.io.WriteOptionsTest" time="0.003"/>
  <testcase name="testIsNonReferenceable_defaults(Class)[31]" classname="com.cedarsoftware.io.WriteOptionsTest" time="0.003"/>
  <testcase name="testIsNonReferenceable_defaults(Class)[32]" classname="com.cedarsoftware.io.WriteOptionsTest" time="0.003"/>
  <testcase name="testIsNonReferenceable_defaults(Class)[33]" classname="com.cedarsoftware.io.WriteOptionsTest" time="0.003"/>
  <testcase name="testIsNonReferenceable_defaults(Class)[34]" classname="com.cedarsoftware.io.WriteOptionsTest" time="0.004"/>
  <testcase name="testIsNonReferenceable_defaults(Class)[35]" classname="com.cedarsoftware.io.WriteOptionsTest" time="0.004"/>
  <testcase name="testIsNonReferenceable_defaults(Class)[36]" classname="com.cedarsoftware.io.WriteOptionsTest" time="0.004"/>
  <testcase name="testIsNonReferenceable_defaults(Class)[37]" classname="com.cedarsoftware.io.WriteOptionsTest" time="0.004"/>
  <testcase name="testIsNonReferenceable_defaults(Class)[38]" classname="com.cedarsoftware.io.WriteOptionsTest" time="0.003"/>
  <testcase name="testShowTypeInfoAlways" classname="com.cedarsoftware.io.WriteOptionsTest" time="0.001"/>
  <testcase name="testAliasTypeNames_addedByNameValue" classname="com.cedarsoftware.io.WriteOptionsTest" time="0.001"/>
  <testcase name="testAliasTypeNames_exceptionCases(String, String)[1]" classname="com.cedarsoftware.io.WriteOptionsTest" time="0.004"/>
  <testcase name="testAliasTypeNames_exceptionCases(String, String)[2]" classname="com.cedarsoftware.io.WriteOptionsTest" time="0.004"/>
  <testcase name="getAccessorsForClass_findEnumWithCustomFields_whenNotPublicFieldsOnly" classname="com.cedarsoftware.io.WriteOptionsTest" time="0.002">
    <failure message="&#10;expected: &quot;getRating&quot;&#10; but was: &quot;tire&quot;" type="org.opentest4j.AssertionFailedError"><![CDATA[org.opentest4j.AssertionFailedError: 

expected: "getRating"
 but was: "tire"
	at com.cedarsoftware.io.WriteOptionsTest.getAccessorsForClass_findEnumWithCustomFields_whenNotPublicFieldsOnly(WriteOptionsTest.java:608)
	at java.base/java.lang.reflect.Method.invoke(Method.java:566)
	at java.base/java.util.ArrayList.forEach(ArrayList.java:1541)
	at java.base/java.util.ArrayList.forEach(ArrayList.java:1541)
]]></failure>
  </testcase>
  <testcase name="testSetSkipNullFields(boolean)[1]" classname="com.cedarsoftware.io.WriteOptionsTest" time="0.003"/>
  <testcase name="testSetSkipNullFields(boolean)[2]" classname="com.cedarsoftware.io.WriteOptionsTest" time="0.003"/>
  <testcase name="testShowTypeInfoNever" classname="com.cedarsoftware.io.WriteOptionsTest" time="0.001"/>
  <testcase name="getAccessorsForClass_withMixedAccessors" classname="com.cedarsoftware.io.WriteOptionsTest" time="0.002">
    <failure message="&#10;expected: &quot;x&quot;&#10; but was: &quot;y&quot;" type="org.opentest4j.AssertionFailedError"><![CDATA[org.opentest4j.AssertionFailedError: 

expected: "x"
 but was: "y"
	at com.cedarsoftware.io.WriteOptionsTest.getAccessorsForClass_withMixedAccessors(WriteOptionsTest.java:475)
	at java.base/java.lang.reflect.Method.invoke(Method.java:566)
	at java.base/java.util.ArrayList.forEach(ArrayList.java:1541)
	at java.base/java.util.ArrayList.forEach(ArrayList.java:1541)
]]></failure>
  </testcase>
  <testcase name="testShowTypeInfoMinimal" classname="com.cedarsoftware.io.WriteOptionsTest" time="0.001"/>
  <testcase name="getAccessorsForClass_bindsBooleanNonStaticFieldAccessors" classname="com.cedarsoftware.io.WriteOptionsTest" time="0.002">
    <failure message="&#10;expected: &quot;test1&quot;&#10; but was: &quot;test3&quot;" type="org.opentest4j.AssertionFailedError"><![CDATA[org.opentest4j.AssertionFailedError: 

expected: "test1"
 but was: "test3"
	at com.cedarsoftware.io.WriteOptionsTest.getAccessorsForClass_bindsBooleanNonStaticFieldAccessors(WriteOptionsTest.java:590)
	at java.base/java.lang.reflect.Method.invoke(Method.java:566)
	at java.base/java.util.ArrayList.forEach(ArrayList.java:1541)
	at java.base/java.util.ArrayList.forEach(ArrayList.java:1541)
]]></failure>
  </testcase>
</testsuite>