<?xml version="1.0" encoding="UTF-8"?>
<testsuite xmlns:xsi="http://www.w3.org/2001/XMLSchema-instance" xsi:noNamespaceSchemaLocation="https://maven.apache.org/surefire/maven-surefire-plugin/xsd/surefire-test-report.xsd" version="3.0.1" name="com.cedarsoftware.io.TestGraphComparator" time="0.205" tests="61" errors="0" skipped="0" failures="2">
  <properties>
[...]
</properties>
  <testcase name="testShortenListToZeroLength" classname="com.cedarsoftware.io.TestGraphComparator" time="0.006"/>
  <testcase name="testNullSetField" classname="com.cedarsoftware.io.TestGraphComparator" time="0.018">
    <system-out><![CDATA[java-util using server id=66 for last two digits of generated unique IDs. Set using new SecureRandom()
]]></system-out>
  </testcase>
  <testcase name="testMapValueChange" classname="com.cedarsoftware.io.TestGraphComparator" time="0.007"/>
  <testcase name="testDiffCollectionTypes" classname="com.cedarsoftware.io.TestGraphComparator" time="0.003"/>
  <testcase name="testListSetElementOutOfBounds" classname="com.cedarsoftware.io.TestGraphComparator" time="0.001"/>
  <testcase name="testReplaceListElementObject" classname="com.cedarsoftware.io.TestGraphComparator" time="0.002"/>
  <testcase name="testObjectArrayWithPrimitives" classname="com.cedarsoftware.io.TestGraphComparator" time="0.003"/>
  <testcase name="testShortenPrimitiveArrayToZeroLength" classname="com.cedarsoftware.io.TestGraphComparator" time="0.003"/>
  <testcase name="testDiffListTypes" classname="com.cedarsoftware.io.TestGraphComparator" time="0.001"/>
  <testcase name="testTwoPointersToSameInstanceOrderedCollection" classname="com.cedarsoftware.io.TestGraphComparator" time="0.002"/>
  <testcase name="testSetAddRemovePrimitive" classname="com.cedarsoftware.io.TestGraphComparator" time="0.003"/>
  <testcase name="testListItemDifferences" classname="com.cedarsoftware.io.TestGraphComparator" time="0.001"/>
  <testcase name="testTwoPointersToSameInstance" classname="com.cedarsoftware.io.TestGraphComparator" time="0.002"/>
  <testcase name="testApplyDeltaWithCommandParams" classname="com.cedarsoftware.io.TestGraphComparator" time="0.001"/>
  <testcase name="testAlpha" classname="com.cedarsoftware.io.TestGraphComparator" time="0.001"/>
  <testcase name="testCycle" classname="com.cedarsoftware.io.TestGraphComparator" time="0.002"/>
  <testcase name="testSkip" classname="com.cedarsoftware.io.TestGraphComparator" time="0.001"/>
  <testcase name="testBadResizeValue" classname="com.cedarsoftware.io.TestGraphComparator" time="0.001"/>
  <testcase name="testDeltaSetterGetter" classname="com.cedarsoftware.io.TestGraphComparator" time="0.001"/>
  <testcase name="testShortenArray" classname="com.cedarsoftware.io.TestGraphComparator" time="0.002"/>
  <testcase name="testNullPrimitiveArrayField" classname="com.cedarsoftware.io.TestGraphComparator" time="0.003"/>
  <testcase name="testMapRemoveUntilEmpty" classname="com.cedarsoftware.io.TestGraphComparator" time="0.004"/>
  <testcase name="testLengthenPrimitiveArray" classname="com.cedarsoftware.io.TestGraphComparator" time="0.002"/>
  <testcase name="testObjectArrayWithArraysAsElements" classname="com.cedarsoftware.io.TestGraphComparator" time="0.002"/>
  <testcase name="testPrimitiveArrayElementDifferences" classname="com.cedarsoftware.io.TestGraphComparator" time="0.002"/>
  <testcase name="testNewArrayElement" classname="com.cedarsoftware.io.TestGraphComparator" time="0.002">
    <failure message="expected: &lt;true&gt; but was: &lt;false&gt;" type="org.opentest4j.AssertionFailedError"><![CDATA[org.opentest4j.AssertionFailedError: expected: <true> but was: <false>
	at org.junit.jupiter.api.AssertionFailureBuilder.build(AssertionFailureBuilder.java:151)
	at org.junit.jupiter.api.AssertionFailureBuilder.buildAndThrow(AssertionFailureBuilder.java:132)
	at org.junit.jupiter.api.AssertTrue.failNotTrue(AssertTrue.java:63)
	at org.junit.jupiter.api.AssertTrue.assertTrue(AssertTrue.java:36)
	at org.junit.jupiter.api.AssertTrue.assertTrue(AssertTrue.java:31)
	at org.junit.jupiter.api.Assertions.assertTrue(Assertions.java:183)
	at com.cedarsoftware.io.TestGraphComparator.testNewArrayElement(TestGraphComparator.java:653)
	at java.base/java.lang.reflect.Method.invoke(Method.java:566)
	at java.base/java.util.ArrayList.forEach(ArrayList.java:1541)
	at java.base/java.util.ArrayList.forEach(ArrayList.java:1541)
]]></failure>
  </testcase>
  <testcase name="testSimpleObjectDifference" classname="com.cedarsoftware.io.TestGraphComparator" time="0.002"/>
  <testcase name="testArrayLengthDifferenceAndMove" classname="com.cedarsoftware.io.TestGraphComparator" time="0.002"/>
  <testcase name="testMapValueChangeToPrimitive" classname="com.cedarsoftware.io.TestGraphComparator" time="0.005"/>
  <testcase name="testArrayItemDifferences" classname="com.cedarsoftware.io.TestGraphComparator" time="0.002"/>
  <testcase name="testRootArray" classname="com.cedarsoftware.io.TestGraphComparator" time="0.001"/>
  <testcase name="testApplyDeltaFailFast" classname="com.cedarsoftware.io.TestGraphComparator" time="0.001"/>
  <testcase name="testTwoPointersToSameInstanceArray" classname="com.cedarsoftware.io.TestGraphComparator" time="0.001"/>
  <testcase name="testMapValueChangeToNull" classname="com.cedarsoftware.io.TestGraphComparator" time="0.005"/>
  <testcase name="testSetAddNonPrimitive" classname="com.cedarsoftware.io.TestGraphComparator" time="0.003"/>
  <testcase name="testNullOutArrayElements" classname="com.cedarsoftware.io.TestGraphComparator" time="0.002"/>
  <testcase name="testLengthenList" classname="com.cedarsoftware.io.TestGraphComparator" time="0.001"/>
  <testcase name="testTwoPointersToSameInstanceUnorderedMap" classname="com.cedarsoftware.io.TestGraphComparator" time="0.003"/>
  <testcase name="testMapPutForReplace" classname="com.cedarsoftware.io.TestGraphComparator" time="0.005"/>
  <testcase name="testMapFieldAssignToNull" classname="com.cedarsoftware.io.TestGraphComparator" time="0.004"/>
  <testcase name="testSetRemoveNonPrimitive" classname="com.cedarsoftware.io.TestGraphComparator" time="0.002">
    <failure message="expected: &lt;false&gt; but was: &lt;true&gt;" type="org.opentest4j.AssertionFailedError"><![CDATA[org.opentest4j.AssertionFailedError: expected: <false> but was: <true>
	at org.junit.jupiter.api.AssertionFailureBuilder.build(AssertionFailureBuilder.java:151)
	at org.junit.jupiter.api.AssertionFailureBuilder.buildAndThrow(AssertionFailureBuilder.java:132)
	at org.junit.jupiter.api.AssertFalse.failNotFalse(AssertFalse.java:63)
	at org.junit.jupiter.api.AssertFalse.assertFalse(AssertFalse.java:36)
	at org.junit.jupiter.api.AssertFalse.assertFalse(AssertFalse.java:31)
	at org.junit.jupiter.api.Assertions.assertFalse(Assertions.java:231)
	at com.cedarsoftware.io.TestGraphComparator.testSetRemoveNonPrimitive(TestGraphComparator.java:886)
	at java.base/java.lang.reflect.Method.invoke(Method.java:566)
	at java.base/java.util.ArrayList.forEach(ArrayList.java:1541)
	at java.base/java.util.ArrayList.forEach(ArrayList.java:1541)
]]></failure>
  </testcase>
  <testcase name="testShortenList" classname="com.cedarsoftware.io.TestGraphComparator" time="0.001"/>
  <testcase name="testDeltaCommand" classname="com.cedarsoftware.io.TestGraphComparator" time="0.0"/>
  <testcase name="testUnidentifiedObject" classname="com.cedarsoftware.io.TestGraphComparator" time="0.004"/>
  <testcase name="testNullingField" classname="com.cedarsoftware.io.TestGraphComparator" time="0.002"/>
  <testcase name="testShortenArrayToZeroLength" classname="com.cedarsoftware.io.TestGraphComparator" time="0.002"/>
  <testcase name="testNullSource" classname="com.cedarsoftware.io.TestGraphComparator" time="0.002"/>
  <testcase name="testNullTarget" classname="com.cedarsoftware.io.TestGraphComparator" time="0.002"/>
  <testcase name="testSortedAndUnsortedMap" classname="com.cedarsoftware.io.TestGraphComparator" time="0.002"/>
  <testcase name="testSortedAndUnsortedSet" classname="com.cedarsoftware.io.TestGraphComparator" time="0.001"/>
  <testcase name="testDeltaCommandBadEnums" classname="com.cedarsoftware.io.TestGraphComparator" time="0.001"/>
  <testcase name="testNullOutListElements" classname="com.cedarsoftware.io.TestGraphComparator" time="0.001"/>
  <testcase name="testMapPut" classname="com.cedarsoftware.io.TestGraphComparator" time="0.004"/>
  <testcase name="testMapRemove" classname="com.cedarsoftware.io.TestGraphComparator" time="0.003"/>
  <testcase name="testLengthenArray" classname="com.cedarsoftware.io.TestGraphComparator" time="0.002"/>
  <testcase name="testTwoPointersToSameInstanceUnorderedCollection" classname="com.cedarsoftware.io.TestGraphComparator" time="0.002"/>
  <testcase name="testNullObjectArrayField" classname="com.cedarsoftware.io.TestGraphComparator" time="0.002"/>
  <testcase name="testArraySetElementOutOfBounds" classname="com.cedarsoftware.io.TestGraphComparator" time="0.001"/>
  <testcase name="testChangeListElementField" classname="com.cedarsoftware.io.TestGraphComparator" time="0.003"/>
  <testcase name="testNullListField" classname="com.cedarsoftware.io.TestGraphComparator" time="0.001"/>
  <testcase name="testTwoPointersToSameInstanceOrderedMap" classname="com.cedarsoftware.io.TestGraphComparator" time="0.003"/>
</testsuite>