<?xml version="1.0" encoding="UTF-8"?>
<testsuite xmlns:xsi="http://www.w3.org/2001/XMLSchema-instance" xsi:noNamespaceSchemaLocation="https://maven.apache.org/surefire/maven-surefire-plugin/xsd/surefire-test-report.xsd" version="3.0.1" name="com.cedarsoftware.io.EnumTests" time="0.766" tests="76" errors="0" skipped="0" failures="1">
  <properties>
[...]
</properties>
  <testcase name="testIsEnum_variousClasses_returnsFalse(Object)[1]" classname="com.cedarsoftware.io.EnumTests" time="0.003"/>
  <testcase name="testIsEnum_variousClasses_returnsFalse(Object)[2]" classname="com.cedarsoftware.io.EnumTests" time="0.003"/>
  <testcase name="testIsEnum_variousClasses_returnsFalse(Object)[3]" classname="com.cedarsoftware.io.EnumTests" time="0.003"/>
  <testcase name="testIsEnum_variousClasses_returnsFalse(Object)[4]" classname="com.cedarsoftware.io.EnumTests" time="0.003"/>
  <testcase name="testEnumWithPrivateMembersAsField_withPrivatesOn" classname="com.cedarsoftware.io.EnumTests" time="0.005">
    <failure message="&#10;Expecting actual:&#10;  &quot;{&quot;@type&quot;:&quot;com.cedarsoftware.io.EnumTests$TestEnum4&quot;,&quot;foo&quot;:&quot;bar&quot;,&quot;age&quot;:21,&quot;name&quot;:&quot;B&quot;}&quot;&#10;to be equal to:&#10;  &quot;{&#10;  &quot;@type&quot;: &quot;com.cedarsoftware.io.EnumTests$TestEnum4&quot;,&#10;  &quot;age&quot;: 21,&#10;  &quot;foo&quot;: &quot;bar&quot;,&#10;  &quot;name&quot;: &quot;B&quot;&#10;}&quot;&#10;when ignoring whitespace differences" type="org.opentest4j.AssertionFailedError"><![CDATA[org.opentest4j.AssertionFailedError: 

Expecting actual:
  "{"@type":"com.cedarsoftware.io.EnumTests$TestEnum4","foo":"bar","age":21,"name":"B"}"
to be equal to:
  "{
  "@type": "com.cedarsoftware.io.EnumTests$TestEnum4",
  "age": 21,
  "foo": "bar",
  "name": "B"
}"
when ignoring whitespace differences
	at com.cedarsoftware.io.EnumTests.testEnumWithPrivateMembersAsField_withPrivatesOn(EnumTests.java:172)
	at java.base/java.lang.reflect.Method.invoke(Method.java:566)
	at java.base/java.util.ArrayList.forEach(ArrayList.java:1541)
	at java.base/java.util.ArrayList.forEach(ArrayList.java:1541)
]]></failure>
  </testcase>
  <testcase name="testEnumInCollection_whenEnumsArePrimitive_andNoType_outputsNameOnly" classname="com.cedarsoftware.io.EnumTests" time="0.003"/>
  <testcase name="testEnum_valueProblems(Enum)[1]" classname="com.cedarsoftware.io.EnumTests" time="0.007"/>
  <testcase name="testEnum_valueProblems(Enum)[2]" classname="com.cedarsoftware.io.EnumTests" time="0.006"/>
  <testcase name="testEnum_valueProblems(Enum)[3]" classname="com.cedarsoftware.io.EnumTests" time="0.007"/>
  <testcase name="testEnum_valueProblems(Enum)[4]" classname="com.cedarsoftware.io.EnumTests" time="0.008"/>
  <testcase name="testArrayOfEnums_doesRoundTrip_successfully(Enum[], WriteOptions)[1]" classname="com.cedarsoftware.io.EnumTests" time="0.006"/>
  <testcase name="testArrayOfEnums_doesRoundTrip_successfully(Enum[], WriteOptions)[2]" classname="com.cedarsoftware.io.EnumTests" time="0.006"/>
  <testcase name="testArrayOfEnums_doesRoundTrip_successfully(Enum[], WriteOptions)[3]" classname="com.cedarsoftware.io.EnumTests" time="0.008"/>
  <testcase name="testArrayOfEnums_doesRoundTrip_successfully(Enum[], WriteOptions)[4]" classname="com.cedarsoftware.io.EnumTests" time="0.007"/>
  <testcase name="testArrayOfEnums_doesRoundTrip_successfully(Enum[], WriteOptions)[5]" classname="com.cedarsoftware.io.EnumTests" time="0.009"/>
  <testcase name="testArrayOfEnums_doesRoundTrip_successfully(Enum[], WriteOptions)[6]" classname="com.cedarsoftware.io.EnumTests" time="0.013"/>
  <testcase name="testArrayOfEnums_doesRoundTrip_successfully(Enum[], WriteOptions)[7]" classname="com.cedarsoftware.io.EnumTests" time="0.007"/>
  <testcase name="testArrayOfEnums_doesRoundTrip_successfully(Enum[], WriteOptions)[8]" classname="com.cedarsoftware.io.EnumTests" time="0.01"/>
  <testcase name="testArrayOfEnums_doesRoundTrip_successfully(Enum[], WriteOptions)[9]" classname="com.cedarsoftware.io.EnumTests" time="0.006"/>
  <testcase name="testArrayOfEnums_doesRoundTrip_successfully(Enum[], WriteOptions)[10]" classname="com.cedarsoftware.io.EnumTests" time="0.006"/>
  <testcase name="testEnumNestedWithinEnum" classname="com.cedarsoftware.io.EnumTests" time="0.004"/>
  <testcase name="testNestedEnum(WriteOptions)[1]" classname="com.cedarsoftware.io.EnumTests" time="0.008"/>
  <testcase name="testNestedEnum(WriteOptions)[2]" classname="com.cedarsoftware.io.EnumTests" time="0.007"/>
  <testcase name="testBasicEnum" classname="com.cedarsoftware.io.EnumTests" time="0.004"/>
  <testcase name="testEnumsIndividually_doesRoundTrip_successfully(Enum[], WriteOptions)[1]" classname="com.cedarsoftware.io.EnumTests" time="0.009"/>
  <testcase name="testEnumsIndividually_doesRoundTrip_successfully(Enum[], WriteOptions)[2]" classname="com.cedarsoftware.io.EnumTests" time="0.01"/>
  <testcase name="testEnumsIndividually_doesRoundTrip_successfully(Enum[], WriteOptions)[3]" classname="com.cedarsoftware.io.EnumTests" time="0.01"/>
  <testcase name="testEnumsIndividually_doesRoundTrip_successfully(Enum[], WriteOptions)[4]" classname="com.cedarsoftware.io.EnumTests" time="0.009"/>
  <testcase name="testEnumsIndividually_doesRoundTrip_successfully(Enum[], WriteOptions)[5]" classname="com.cedarsoftware.io.EnumTests" time="0.009"/>
  <testcase name="testEnumsIndividually_doesRoundTrip_successfully(Enum[], WriteOptions)[6]" classname="com.cedarsoftware.io.EnumTests" time="0.009"/>
  <testcase name="testEnumsIndividually_doesRoundTrip_successfully(Enum[], WriteOptions)[7]" classname="com.cedarsoftware.io.EnumTests" time="0.009"/>
  <testcase name="testEnumsIndividually_doesRoundTrip_successfully(Enum[], WriteOptions)[8]" classname="com.cedarsoftware.io.EnumTests" time="0.01"/>
  <testcase name="testEnumsIndividually_doesRoundTrip_successfully(Enum[], WriteOptions)[9]" classname="com.cedarsoftware.io.EnumTests" time="0.011"/>
  <testcase name="testEnumsIndividually_doesRoundTrip_successfully(Enum[], WriteOptions)[10]" classname="com.cedarsoftware.io.EnumTests" time="0.01"/>
  <testcase name="testEnum_thatHasValueField_parsedAsPrimitive(Enum)[1]" classname="com.cedarsoftware.io.EnumTests" time="0.007"/>
  <testcase name="testEnum_thatHasValueField_parsedAsPrimitive(Enum)[2]" classname="com.cedarsoftware.io.EnumTests" time="0.01"/>
  <testcase name="testEnum_thatHasValueField_parsedAsObject(EnumWithValueField)[1]" classname="com.cedarsoftware.io.EnumTests" time="0.007"/>
  <testcase name="testEnum_thatHasValueField_parsedAsObject(EnumWithValueField)[2]" classname="com.cedarsoftware.io.EnumTests" time="0.007"/>
  <testcase name="testIsEnum_whenNotAnonymousInnerClass_isAssignableToEnum(Object)[1]" classname="com.cedarsoftware.io.EnumTests" time="0.017"/>
  <testcase name="testIsEnum_whenNotAnonymousInnerClass_isAssignableToEnum(Object)[2]" classname="com.cedarsoftware.io.EnumTests" time="0.003"/>
  <testcase name="testIsEnum_whenNotAnonymousInnerClass_isAssignableToEnum(Object)[3]" classname="com.cedarsoftware.io.EnumTests" time="0.003"/>
  <testcase name="testIsEnum_whenNotAnonymousInnerClass_isAssignableToEnum(Object)[4]" classname="com.cedarsoftware.io.EnumTests" time="0.002"/>
  <testcase name="testIsEnum_whenNotAnonymousInnerClass_isAssignableToEnum(Object)[5]" classname="com.cedarsoftware.io.EnumTests" time="0.003"/>
  <testcase name="testEnum_withPublicNameOverride" classname="com.cedarsoftware.io.EnumTests" time="0.004"/>
  <testcase name="testIsAssignableToEnum_whenAnonymousInnerClass_returnsFalse(Object)[1]" classname="com.cedarsoftware.io.EnumTests" time="0.003"/>
  <testcase name="testIsAssignableToEnum_whenAnonymousInnerClass_returnsFalse(Object)[2]" classname="com.cedarsoftware.io.EnumTests" time="0.003"/>
  <testcase name="testEnumWithPrivateMembersAsField_withPrivatesOff" classname="com.cedarsoftware.io.EnumTests" time="0.002"/>
  <testcase name="testIsEnum_whenAnonymousInnerClass_returnsFalse(Object)[1]" classname="com.cedarsoftware.io.EnumTests" time="0.003"/>
  <testcase name="testIsEnum_whenAnonymousInnerClass_returnsFalse(Object)[2]" classname="com.cedarsoftware.io.EnumTests" time="0.003"/>
  <testcase name="getClassIfEnum_returnsEnumClass(Class, Class)[1]" classname="com.cedarsoftware.io.EnumTests" time="0.003"/>
  <testcase name="getClassIfEnum_returnsEnumClass(Class, Class)[2]" classname="com.cedarsoftware.io.EnumTests" time="0.002"/>
  <testcase name="getClassIfEnum_returnsEnumClass(Class, Class)[3]" classname="com.cedarsoftware.io.EnumTests" time="0.003"/>
  <testcase name="getClassIfEnum_returnsEnumClass(Class, Class)[4]" classname="com.cedarsoftware.io.EnumTests" time="0.003"/>
  <testcase name="getClassIfEnum_returnsEnumClass(Class, Class)[5]" classname="com.cedarsoftware.io.EnumTests" time="0.003"/>
  <testcase name="getClassIfEnum_returnsEnumClass(Class, Class)[6]" classname="com.cedarsoftware.io.EnumTests" time="0.003"/>
  <testcase name="getClassIfEnum_returnsEnumClass(Class, Class)[7]" classname="com.cedarsoftware.io.EnumTests" time="0.003"/>
  <testcase name="testEnum_internalFieldsAreAlwaysSharedPerInstanceOfENum" classname="com.cedarsoftware.io.EnumTests" time="0.004"/>
  <testcase name="testEnum_readOldFormatwithChangedFields_withNoPrivateField" classname="com.cedarsoftware.io.EnumTests" time="0.004"/>
  <testcase name="testEnumField" classname="com.cedarsoftware.io.EnumTests" time="0.005"/>
  <testcase name="testPublicEnumWithGetterAndSetter_andAlsoShowEnumsAreBasicallySingletons" classname="com.cedarsoftware.io.EnumTests" time="0.004"/>
  <testcase name="testIsAssignableToEnum_whenAnonymousInnerClass_returnsTrue(Object)[1]" classname="com.cedarsoftware.io.EnumTests" time="0.003"/>
  <testcase name="testIsAssignableToEnum_whenAnonymousInnerClass_returnsTrue(Object)[2]" classname="com.cedarsoftware.io.EnumTests" time="0.003"/>
  <testcase name="testIsEnum_whenNotAnonymousInnerClass_returnsTrue(Object)[1]" classname="com.cedarsoftware.io.EnumTests" time="0.003"/>
  <testcase name="testIsEnum_whenNotAnonymousInnerClass_returnsTrue(Object)[2]" classname="com.cedarsoftware.io.EnumTests" time="0.003"/>
  <testcase name="testIsEnum_whenNotAnonymousInnerClass_returnsTrue(Object)[3]" classname="com.cedarsoftware.io.EnumTests" time="0.003"/>
  <testcase name="testIsEnum_whenNotAnonymousInnerClass_returnsTrue(Object)[4]" classname="com.cedarsoftware.io.EnumTests" time="0.003"/>
  <testcase name="testIsEnum_whenNotAnonymousInnerClass_returnsTrue(Object)[5]" classname="com.cedarsoftware.io.EnumTests" time="0.003"/>
  <testcase name="testEnumWithNoType_and_defaultWriter" classname="com.cedarsoftware.io.EnumTests" time="0.002"/>
  <testcase name="testCollectionOfEnums(WriteOptions)[1]" classname="com.cedarsoftware.io.EnumTests" time="0.012"/>
  <testcase name="testCollectionOfEnums(WriteOptions)[2]" classname="com.cedarsoftware.io.EnumTests" time="0.011"/>
  <testcase name="testIsEnumOnEnclosingclass_whenAnonymousInnerClass_returnsTrue(Object)[1]" classname="com.cedarsoftware.io.EnumTests" time="0.003"/>
  <testcase name="testIsEnumOnEnclosingclass_whenAnonymousInnerClass_returnsTrue(Object)[2]" classname="com.cedarsoftware.io.EnumTests" time="0.003"/>
  <testcase name="testEnum_whenHasNameMethodOverride_parsesCorrectly_and_nameGetsSet" classname="com.cedarsoftware.io.EnumTests" time="0.004"/>
  <testcase name="testDuplicateRef(WriteOptions)[1]" classname="com.cedarsoftware.io.EnumTests" time="0.007"/>
  <testcase name="testDuplicateRef(WriteOptions)[2]" classname="com.cedarsoftware.io.EnumTests" time="0.007"/>
  <testcase name="testEnumInCollection_whenEnumsAreObject_andNoType_justOutputsPublicFields" classname="com.cedarsoftware.io.EnumTests" time="0.003"/>
</testsuite>