<?xml version="1.0" encoding="UTF-8"?>
<testsuite xmlns:xsi="http://www.w3.org/2001/XMLSchema-instance" xsi:noNamespaceSchemaLocation="https://maven.apache.org/surefire/maven-surefire-plugin/xsd/surefire-test-report.xsd" version="3.0.1" name="com.cedarsoftware.io.NoTypeTest" time="0.035" tests="7" errors="0" skipped="1" failures="1">
  <properties>
[...]
</properties>
  <testcase name="testObjectArray" classname="com.cedarsoftware.io.NoTypeTest" time="0.002"/>
  <testcase name="testItems" classname="com.cedarsoftware.io.NoTypeTest" time="0.002"/>
  <testcase name="personTestToMap" classname="com.cedarsoftware.io.NoTypeTest" time="0.002"/>
  <testcase name="personTestToPerson" classname="com.cedarsoftware.io.NoTypeTest" time="0.001"/>
  <testcase name="personsTestToPersons" classname="com.cedarsoftware.io.NoTypeTest" time="0.0">
    <skipped message="void com.cedarsoftware.io.NoTypeTest.personsTestToPersons() is @Disabled"/>
  </testcase>
  <testcase name="testCollections" classname="com.cedarsoftware.io.NoTypeTest" time="0.004"/>
  <testcase name="testNoType" classname="com.cedarsoftware.io.NoTypeTest" time="0.016">
    <failure message="expected: &lt;{&quot;name&quot;:&quot;Zeus&quot;,&quot;things&quot;:[1,2,&quot;3&quot;,&quot;4&quot;,-84243801600000,&quot;Hello&quot;,&quot;com.cedarsoftware.io.NoTypeTest$Junk&quot;],&quot;namesToAge&quot;:{&quot;Appollo&quot;:2500,&quot;Hercules&quot;:2489,&quot;Poseidon&quot;:&quot;2502&quot;,&quot;Aphrodite&quot;:&quot;2499.0&quot;,&quot;Zeus&quot;:-84243801600000},&quot;stuff&quot;:[1,2,&quot;3&quot;,&quot;4&quot;,-84243801600000,&quot;Hello&quot;,&quot;com.cedarsoftware.io.NoTypeTest$Junk&quot;]}&gt; but was: &lt;{&quot;stuff&quot;:[1,2,&quot;3&quot;,&quot;4&quot;,-84243801600000,&quot;Hello&quot;,&quot;com.cedarsoftware.io.NoTypeTest$Junk&quot;],&quot;name&quot;:&quot;Zeus&quot;,&quot;namesToAge&quot;:{&quot;Appollo&quot;:2500,&quot;Hercules&quot;:2489,&quot;Poseidon&quot;:&quot;2502&quot;,&quot;Aphrodite&quot;:&quot;2499.0&quot;,&quot;Zeus&quot;:-84243801600000},&quot;things&quot;:[1,2,&quot;3&quot;,&quot;4&quot;,-84243801600000,&quot;Hello&quot;,&quot;com.cedarsoftware.io.NoTypeTest$Junk&quot;]}&gt;" type="org.opentest4j.AssertionFailedError"><![CDATA[org.opentest4j.AssertionFailedError: expected: <{"name":"Zeus","things":[1,2,"3","4",-84243801600000,"Hello","com.cedarsoftware.io.NoTypeTest$Junk"],"namesToAge":{"Appollo":2500,"Hercules":2489,"Poseidon":"2502","Aphrodite":"2499.0","Zeus":-84243801600000},"stuff":[1,2,"3","4",-84243801600000,"Hello","com.cedarsoftware.io.NoTypeTest$Junk"]}> but was: <{"stuff":[1,2,"3","4",-84243801600000,"Hello","com.cedarsoftware.io.NoTypeTest$Junk"],"name":"Zeus","namesToAge":{"Appollo":2500,"Hercules":2489,"Poseidon":"2502","Aphrodite":"2499.0","Zeus":-84243801600000},"things":[1,2,"3","4",-84243801600000,"Hello","com.cedarsoftware.io.NoTypeTest$Junk"]}>
	at org.junit.jupiter.api.AssertionFailureBuilder.build(AssertionFailureBuilder.java:151)
	at org.junit.jupiter.api.AssertionFailureBuilder.buildAndThrow(AssertionFailureBuilder.java:132)
	at org.junit.jupiter.api.AssertEquals.failNotEqual(AssertEquals.java:197)
	at org.junit.jupiter.api.AssertEquals.assertEquals(AssertEquals.java:182)
	at org.junit.jupiter.api.AssertEquals.assertEquals(AssertEquals.java:177)
	at org.junit.jupiter.api.Assertions.assertEquals(Assertions.java:1145)
	at com.cedarsoftware.io.NoTypeTest.testNoType(NoTypeTest.java:104)
	at java.base/java.lang.reflect.Method.invoke(Method.java:566)
	at java.base/java.util.ArrayList.forEach(ArrayList.java:1541)
	at java.base/java.util.ArrayList.forEach(ArrayList.java:1541)
]]></failure>
  </testcase>
</testsuite>